app/build/outputs/logs/manifest-merger-debug-report.txt
-- Merging decision tree log ---
manifest
ADDED from src\main\AndroidManifest.xml:2:1-20:12
	package
		ADDED from src\main\AndroidManifest.xml:3:5-29
		INJECTED from src\main\AndroidManifest.xml
		INJECTED from src\main\AndroidManifest.xml
	android:versionName
		INJECTED from src\main\AndroidManifest.xml
		INJECTED from src\main\AndroidManifest.xml
	xmlns:android
		ADDED from src\main\AndroidManifest.xml:2:11-69
	android:versionCode
		INJECTED from src\main\AndroidManifest.xml
		INJECTED from src\main\AndroidManifest.xml
application
ADDED from src\main\AndroidManifest.xml:5:5-18:19
MERGED from [MediaPickerGallery:uikit:unspecified] AndroidManifest.xml:15:5-30:19
MERGED from [com.ycjiang:MediaPickerGallery:1.0.1] AndroidManifest.xml:7:5-27:19
MERGED from [com.android.support:appcompat-v7:23.4.0] AndroidManifest.xml:25:5-20
MERGED from [com.android.support:animated-vector-drawable:23.4.0] AndroidManifest.xml:7:5-20
MERGED from [com.android.support:support-vector-drawable:23.4.0] AndroidManifest.xml:7:5-20
MERGED from [com.android.support:support-v4:25.3.1] AndroidManifest.xml:29:5-20
MERGED from [com.android.support:support-fragment:25.3.1] AndroidManifest.xml:29:5-20
MERGED from [com.android.support:support-media-compat:25.3.1] AndroidManifest.xml:29:5-20
MERGED from [com.android.support:support-core-ui:25.3.1] AndroidManifest.xml:29:5-20
MERGED from [com.android.support:support-core-utils:25.3.1] AndroidManifest.xml:29:5-20
MERGED from [com.android.support:support-compat:25.3.1] AndroidManifest.xml:29:5-20
MERGED from [com.squareup.leakcanary:leakcanary-android:1.5] AndroidManifest.xml:28:5-57:19
	android:label
		ADDED from src\main\AndroidManifest.xml:9:9-41
	android:supportsRtl
		ADDED from src\main\AndroidManifest.xml:10:9-35
	android:allowBackup
		ADDED from src\main\AndroidManifest.xml:7:9-35
	android:icon
		ADDED from src\main\AndroidManifest.xml:8:9-43
	android:largeHeap
		ADDED from [com.ycjiang:MediaPickerGallery:1.0.1] AndroidManifest.xml:9:9-33
	android:name
		ADDED from src\main\AndroidManifest.xml:6:9-28
activity#com.hai.picker.MainActivity
ADDED from src\main\AndroidManifest.xml:11:9-17:20
	android:name
		ADDED from src\main\AndroidManifest.xml:11:19-47
intent-filter#android.intent.action.MAIN+android.intent.category.LAUNCHER
ADDED from src\main\AndroidManifest.xml:12:13-16:29
action#android.intent.action.MAIN
ADDED from src\main\AndroidManifest.xml:13:17-69
	android:name
		ADDED from src\main\AndroidManifest.xml:13:25-66
category#android.intent.category.LAUNCHER
ADDED from src\main\AndroidManifest.xml:15:17-77
	android:name
		ADDED from src\main\AndroidManifest.xml:15:27-74
uses-sdk
INJECTED from src\main\AndroidManifest.xml reason: use-sdk injection requested
MERGED from [MediaPickerGallery:uikit:unspecified] AndroidManifest.xml:7:5-9:41
MERGED from [com.ycjiang:MediaPickerGallery:1.0.1] AndroidManifest.xml:5:5-44
MERGED from [com.android.support:appcompat-v7:23.4.0] AndroidManifest.xml:21:5-23:78
MERGED from [com.android.support:animated-vector-drawable:23.4.0] AndroidManifest.xml:5:5-44
MERGED from [com.android.support:support-vector-drawable:23.4.0] AndroidManifest.xml:5:5-43
MERGED from [com.android.support:recyclerview-v7:23.4.0] AndroidManifest.xml:20:5-43
MERGED from [cn.finalteam:toolsfinal:1.1.5] AndroidManifest.xml:7:5-9:41
MERGED from [com.android.support:support-v4:25.3.1] AndroidManifest.xml:21:5-23:54
MERGED from [com.android.support:support-fragment:25.3.1] AndroidManifest.xml:21:5-23:60
MERGED from [com.android.support:support-media-compat:25.3.1] AndroidManifest.xml:21:5-23:63
MERGED from [com.android.support:support-core-ui:25.3.1] AndroidManifest.xml:21:5-23:58
MERGED from [com.android.support:support-core-utils:25.3.1] AndroidManifest.xml:21:5-23:61
MERGED from [com.android.support:support-compat:25.3.1] AndroidManifest.xml:21:5-23:58
MERGED from [com.squareup.leakcanary:leakcanary-android:1.5] AndroidManifest.xml:20:5-22:41
	tools:overrideLibrary
		ADDED from [com.android.support:appcompat-v7:23.4.0] AndroidManifest.xml:23:9-75
	android:targetSdkVersion
		INJECTED from src\main\AndroidManifest.xml
		INJECTED from src\main\AndroidManifest.xml
	android:minSdkVersion
		INJECTED from src\main\AndroidManifest.xml
		INJECTED from src\main\AndroidManifest.xml
uses-permission#android.permission.WRITE_EXTERNAL_STORAGE
ADDED from [MediaPickerGallery:uikit:unspecified] AndroidManifest.xml:11:5-81
MERGED from [cn.finalteam:toolsfinal:1.1.5] AndroidManifest.xml:14:5-81
MERGED from [com.squareup.leakcanary:leakcanary-android:1.5] AndroidManifest.xml:26:5-81
	android:name
		ADDED from [MediaPickerGallery:uikit:unspecified] AndroidManifest.xml:11:22-78
uses-permission#android.permission.READ_EXTERNAL_STORAGE
ADDED from [MediaPickerGallery:uikit:unspecified] AndroidManifest.xml:12:5-80
MERGED from [cn.finalteam:toolsfinal:1.1.5] AndroidManifest.xml:16:5-80
MERGED from [com.squareup.leakcanary:leakcanary-android:1.5] AndroidManifest.xml:25:5-80
	android:name
		ADDED from [MediaPickerGallery:uikit:unspecified] AndroidManifest.xml:12:22-77
uses-permission#android.permission.CAMERA
ADDED from [MediaPickerGallery:uikit:unspecified] AndroidManifest.xml:13:5-65
	android:name
		ADDED from [MediaPickerGallery:uikit:unspecified] AndroidManifest.xml:13:22-62
activity#com.hai.mediapicker.activity.MediaPickerActivity
ADDED from [MediaPickerGallery:uikit:unspecified] AndroidManifest.xml:19:9-24:20
	android:screenOrientation
		ADDED from [MediaPickerGallery:uikit:unspecified] AndroidManifest.xml:22:13-49
	android:label
		ADDED from [MediaPickerGallery:uikit:unspecified] AndroidManifest.xml:21:13-58
	android:theme
		ADDED from [MediaPickerGallery:uikit:unspecified] AndroidManifest.xml:23:13-43
	android:name
		ADDED from [MediaPickerGallery:uikit:unspecified] AndroidManifest.xml:20:13-76
activity#com.hai.mediapicker.activity.PreviewActivity
ADDED from [MediaPickerGallery:uikit:unspecified] AndroidManifest.xml:25:9-29:46
	android:screenOrientation
		ADDED from [MediaPickerGallery:uikit:unspecified] AndroidManifest.xml:28:13-49
	android:label
		ADDED from [MediaPickerGallery:uikit:unspecified] AndroidManifest.xml:27:13-58
	android:theme
		ADDED from [MediaPickerGallery:uikit:unspecified] AndroidManifest.xml:29:13-43
	android:name
		ADDED from [MediaPickerGallery:uikit:unspecified] AndroidManifest.xml:26:13-72
activity#cn.yang.galleryfinal.PhotoSelectActivity
ADDED from [com.ycjiang:MediaPickerGallery:1.0.1] AndroidManifest.xml:11:9-14:52
	android:screenOrientation
		ADDED from [com.ycjiang:MediaPickerGallery:1.0.1] AndroidManifest.xml:14:13-49
	android:configChanges
		ADDED from [com.ycjiang:MediaPickerGallery:1.0.1] AndroidManifest.xml:13:13-83
	android:name
		ADDED from [com.ycjiang:MediaPickerGallery:1.0.1] AndroidManifest.xml:12:13-68
activity#cn.yang.galleryfinal.PhotoEditActivity
ADDED from [com.ycjiang:MediaPickerGallery:1.0.1] AndroidManifest.xml:15:9-18:52
	android:screenOrientation
		ADDED from [com.ycjiang:MediaPickerGallery:1.0.1] AndroidManifest.xml:18:13-49
	android:configChanges
		ADDED from [com.ycjiang:MediaPickerGallery:1.0.1] AndroidManifest.xml:17:13-83
	android:name
		ADDED from [com.ycjiang:MediaPickerGallery:1.0.1] AndroidManifest.xml:16:13-66
activity#cn.yang.galleryfinal.PhotoPreviewActivity
ADDED from [com.ycjiang:MediaPickerGallery:1.0.1] AndroidManifest.xml:19:9-22:52
	android:screenOrientation
		ADDED from [com.ycjiang:MediaPickerGallery:1.0.1] AndroidManifest.xml:22:13-49
	android:configChanges
		ADDED from [com.ycjiang:MediaPickerGallery:1.0.1] AndroidManifest.xml:21:13-83
	android:name
		ADDED from [com.ycjiang:MediaPickerGallery:1.0.1] AndroidManifest.xml:20:13-69
meta-data#cn.yang.galleryfinal.model.MyGlideModule
ADDED from [com.ycjiang:MediaPickerGallery:1.0.1] AndroidManifest.xml:24:9-26:43
	android:value
		ADDED from [com.ycjiang:MediaPickerGallery:1.0.1] AndroidManifest.xml:26:13-40
	android:name
		ADDED from [com.ycjiang:MediaPickerGallery:1.0.1] AndroidManifest.xml:25:13-68
uses-permission#android.permission.MOUNT_UNMOUNT_FILESYSTEMS
ADDED from [cn.finalteam:toolsfinal:1.1.5] AndroidManifest.xml:12:5-84
	android:name
		ADDED from [cn.finalteam:toolsfinal:1.1.5] AndroidManifest.xml:12:22-81
uses-permission#android.permission.READ_PHONE_STATE
ADDED from [cn.finalteam:toolsfinal:1.1.5] AndroidManifest.xml:18:5-75
	android:name
		ADDED from [cn.finalteam:toolsfinal:1.1.5] AndroidManifest.xml:18:22-72
uses-permission#android.permission.ACCESS_WIFI_STATE
ADDED from [cn.finalteam:toolsfinal:1.1.5] AndroidManifest.xml:20:5-76
	android:name
		ADDED from [cn.finalteam:toolsfinal:1.1.5] AndroidManifest.xml:20:22-73
uses-permission#android.permission.GET_TASKS
ADDED from [cn.finalteam:toolsfinal:1.1.5] AndroidManifest.xml:22:5-68
	android:name
		ADDED from [cn.finalteam:toolsfinal:1.1.5] AndroidManifest.xml:22:22-65
uses-permission#android.permission.ACCESS_NETWORK_STATE
ADDED from [cn.finalteam:toolsfinal:1.1.5] AndroidManifest.xml:24:5-79
	android:name
		ADDED from [cn.finalteam:toolsfinal:1.1.5] AndroidManifest.xml:24:22-76
uses-permission#android.permission.CALL_PHONE
ADDED from [cn.finalteam:toolsfinal:1.1.5] AndroidManifest.xml:26:5-69
	android:name
		ADDED from [cn.finalteam:toolsfinal:1.1.5] AndroidManifest.xml:26:22-66
meta-data#android.support.VERSION
ADDED from [com.android.support:support-v4:25.3.1] AndroidManifest.xml:25:5-27:34
MERGED from [com.android.support:support-fragment:25.3.1] AndroidManifest.xml:25:5-27:34
MERGED from [com.android.support:support-media-compat:25.3.1] AndroidManifest.xml:25:5-27:34
MERGED from [com.android.support:support-core-ui:25.3.1] AndroidManifest.xml:25:5-27:34
MERGED from [com.android.support:support-core-utils:25.3.1] AndroidManifest.xml:25:5-27:34
MERGED from [com.android.support:support-compat:25.3.1] AndroidManifest.xml:25:5-27:34
	android:value
		ADDED from [com.android.support:support-v4:25.3.1] AndroidManifest.xml:27:9-31
	android:name
		ADDED from [com.android.support:support-v4:25.3.1] AndroidManifest.xml:26:9-47
service#com.squareup.leakcanary.internal.HeapAnalyzerService
ADDED from [com.squareup.leakcanary:leakcanary-android:1.5] AndroidManifest.xml:29:9-32:45
	android:enabled
		ADDED from [com.squareup.leakcanary:leakcanary-android:1.5] AndroidManifest.xml:31:13-36
	android:process
		ADDED from [com.squareup.leakcanary:leakcanary-android:1.5] AndroidManifest.xml:32:13-42
	android:name
		ADDED from [com.squareup.leakcanary:leakcanary-android:1.5] AndroidManifest.xml:30:13-80
service#com.squareup.leakcanary.DisplayLeakService
ADDED from [com.squareup.leakcanary:leakcanary-android:1.5] AndroidManifest.xml:33:9-35:39
	android:enabled
		ADDED from [com.squareup.leakcanary:leakcanary-android:1.5] AndroidManifest.xml:35:13-36
	android:name
		ADDED from [com.squareup.leakcanary:leakcanary-android:1.5] AndroidManifest.xml:34:13-70
activity#com.squareup.leakcanary.internal.DisplayLeakActivity
ADDED from [com.squareup.leakcanary:leakcanary-android:1.5] AndroidManifest.xml:37:9-49:20
	android:enabled
		ADDED from [com.squareup.leakcanary:leakcanary-android:1.5] AndroidManifest.xml:39:13-36
	android:label
		ADDED from [com.squareup.leakcanary:leakcanary-android:1.5] AndroidManifest.xml:41:13-71
	android:icon
		ADDED from [com.squareup.leakcanary:leakcanary-android:1.5] AndroidManifest.xml:40:13-54
	android:theme
		ADDED from [com.squareup.leakcanary:leakcanary-android:1.5] AndroidManifest.xml:43:13-63
	android:taskAffinity
		ADDED from [com.squareup.leakcanary:leakcanary-android:1.5] AndroidManifest.xml:42:13-59
	android:name
		ADDED from [com.squareup.leakcanary:leakcanary-android:1.5] AndroidManifest.xml:38:13-80
activity#com.squareup.leakcanary.internal.RequestStoragePermissionActivity
ADDED from [com.squareup.leakcanary:leakcanary-android:1.5] AndroidManifest.xml:50:9-56:68
	android:enabled
		ADDED from [com.squareup.leakcanary:leakcanary-android:1.5] AndroidManifest.xml:52:13-36
	android:label
		ADDED from [com.squareup.leakcanary:leakcanary-android:1.5] AndroidManifest.xml:54:13-82
	android:icon
		ADDED from [com.squareup.leakcanary:leakcanary-android:1.5] AndroidManifest.xml:53:13-54
	android:theme
		ADDED from [com.squareup.leakcanary:leakcanary-android:1.5] AndroidManifest.xml:56:13-65
	android:taskAffinity
		ADDED from [com.squareup.leakcanary:leakcanary-android:1.5] AndroidManifest.xml:55:13-59
	android:name
		ADDED from [com.squareup.leakcanary:leakcanary-android:1.5] AndroidManifest.xml:51:13-93